Flutter crash report.
Please report a bug at https://github.com/flutter/flutter/issues.

## command

flutter pub get

## exception

ProcessException: ProcessException: No such file or directory
  Command: /Users/atozpay/Documents/flutter/bin/cache/dart-sdk/bin/pub --verbosity=warning get --no-precompile

```
#0      _ProcessImpl._start (dart:io-patch/process_patch.dart:390:33)
#1      Process.start (dart:io-patch/process_patch.dart:36:20)
#2      LocalProcessManager.start (package:process/src/interface/local_process_manager.dart:44:22)
#3      ErrorHandlingProcessManager.start.<anonymous closure> (package:flutter_tools/src/base/error_handling_io.dart:664:24)
#4      _run (package:flutter_tools/src/base/error_handling_io.dart:544:20)
#5      ErrorHandlingProcessManager.start (package:flutter_tools/src/base/error_handling_io.dart:663:12)
#6      _DefaultProcessUtils.start (package:flutter_tools/src/base/process.dart:425:28)
#7      _DefaultProcessUtils.stream (package:flutter_tools/src/base/process.dart:444:35)
#8      _DefaultPub.batch (package:flutter_tools/src/dart/pub.dart:285:34)
<asynchronous suspension>
#9      _DefaultPub.get (package:flutter_tools/src/dart/pub.dart:225:7)
<asynchronous suspension>
#10     PackagesGetCommand._runPubGet (package:flutter_tools/src/commands/packages.dart:133:7)
<asynchronous suspension>
#11     PackagesGetCommand.runCommand (package:flutter_tools/src/commands/packages.dart:172:7)
<asynchronous suspension>
#12     FlutterCommand.run.<anonymous closure> (package:flutter_tools/src/runner/flutter_command.dart:1043:27)
<asynchronous suspension>
#13     AppContext.run.<anonymous closure> (package:flutter_tools/src/base/context.dart:150:19)
<asynchronous suspension>
#14     CommandRunner.runCommand (package:args/command_runner.dart:196:13)
<asynchronous suspension>
#15     FlutterCommandRunner.runCommand.<anonymous closure> (package:flutter_tools/src/runner/flutter_command_runner.dart:284:9)
<asynchronous suspension>
#16     AppContext.run.<anonymous closure> (package:flutter_tools/src/base/context.dart:150:19)
<asynchronous suspension>
#17     FlutterCommandRunner.runCommand (package:flutter_tools/src/runner/flutter_command_runner.dart:232:5)
<asynchronous suspension>
#18     run.<anonymous closure>.<anonymous closure> (package:flutter_tools/runner.dart:62:9)
<asynchronous suspension>
#19     AppContext.run.<anonymous closure> (package:flutter_tools/src/base/context.dart:150:19)
<asynchronous suspension>
#20     main (package:flutter_tools/executable.dart:91:3)
<asynchronous suspension>
```

## flutter doctor

```
[✓] Flutter (Channel stable, 2.2.3, on Mac OS X 10.15.7 19H1217 darwin-x64, locale en-ID)
    • Flutter version 2.2.3 at /Users/atozpay/Documents/flutter
    • Framework revision f4abaa0735 (3 months ago), 2021-07-01 12:46:11 -0700
    • Engine revision 241c87ad80
    • Dart version 2.13.4

[✓] Android toolchain - develop for Android devices (Android SDK version 30.0.2)
    • Android SDK at /Users/atozpay/Library/Android/sdk
    • Platform android-31, build-tools 30.0.2
    • Java binary at: /Applications/Android Studio.app/Contents/jre/jdk/Contents/Home/bin/java
    • Java version OpenJDK Runtime Environment (build 1.8.0_242-release-1644-b3-6915495)
    • All Android licenses accepted.

[✓] Xcode - develop for iOS and macOS
    • Xcode at /Applications/Xcode.app/Contents/Developer
    • Xcode 12.4, Build version 12D4e
    • CocoaPods version 1.10.1

[✓] Chrome - develop for the web
    • Chrome at /Applications/Google Chrome.app/Contents/MacOS/Google Chrome

[✓] Android Studio (version 4.1)
    • Android Studio at /Applications/Android Studio.app/Contents
    • Flutter plugin can be installed from:
      🔨 https://plugins.jetbrains.com/plugin/9212-flutter
    • Dart plugin can be installed from:
      🔨 https://plugins.jetbrains.com/plugin/6351-dart
    • Java version OpenJDK Runtime Environment (build 1.8.0_242-release-1644-b3-6915495)

[✓] VS Code (version 1.60.1)
    • VS Code at /Applications/Visual Studio Code.app/Contents
    • Flutter extension version 3.26.0

[✓] Connected device (3 available)
    • SM A505F (mobile) • RR8M30HNLXN • android-arm64  • Android 11 (API 30)
    • macOS (desktop)   • macos       • darwin-x64     • Mac OS X 10.15.7 19H1217 darwin-x64
    • Chrome (web)      • chrome      • web-javascript • Google Chrome 93.0.4577.82

• No issues found!
```
